ReportPath|ReportName|DatasetName|CommandType|CommandText
----------|----------|-----------|-----------|-----------
/AcctStd/Custno to Stockno|Custno to Stockno|DataSet1|Text|select accountingaccount,custno,stockno,accountingdate,fiwipstatuscode [Deal Status],dealno from vehiclesalescurrent where accountingaccount = @AcctgAcct and custno in (@CustNos) and fiwipstatuscode in( 'f','u')
/AcctStd/ROnumber to Custno|ROnumber to Custno|DataSet1|Text|select accountingaccount,ronumber,custno,closedate,opendate from servicesalesclosed where accountingaccount = @AcctgAcct and ronumber in (@RONos)
/AcctStd/Stockno to Custno|Stockno to Custno|DataSet1|Text|select accountingaccount,stockno,custno,accountingdate,fiwipstatuscode [Deal Status],dealno from vehiclesalescurrent where accountingaccount = @AcctgAcct and stockno in (@StockNos) and fiwipstatuscode in( 'f','u')
/AcctStd/Trade1Stockno to Custno|Trade1Stockno to Custno|DataSet1|Text|select accountingaccount, trade1stock,custno,stockno,accountingdate,fiwipstatuscode [Deal Status],dealno from vehiclesalescurrent where accountingaccount = @AcctgAcct and trade1stock in (@Trade1Stocknos) and fiwipstatuscode in( 'f','u')
/BI - Controllers/GL - Open Stores|GL - Open Stores|DataSet1|Text|SELECT DISTINCT                        glcalendar.cora_acct_id, glcalendar.hostitemid, glcalendar.companyid, glcalendar.companyidright, glcalendar.glcutoffdate, glcalendar.glcutofftime,                        glcalendar.glfirstdayofmonth, glcalendar.glmont
/BI - Controllers/GL - Open Stores|GL - Open Stores|DefaultDate|Text|SELECT cast(CONVERT(VARCHAR(25),DATEADD(dd,-(DAY(getdate())),getdate()),101) as date) as Date , 'Last Day of Previous Month'AS Date_Type
/BI - Daily Status/DailyStatus|DailyStatus|DataSet1|Text|/****** Script for SelectTopNRows command from SSMS  ******/ SELECT [ExecutionDate]       ,[InsertedCount]       ,[DeletedCount]       ,'WebV' as [DWDatabase]       ,[TableName]       ,[StartDateTime]       ,[EndDateTime]       ,convert(float,datediff(SECO
/BI - Daily Status/DailyStatus|DailyStatus|RA_SIMS|Text|SELECT [ExecutionDate]       ,[InsertedCount]       ,DeletedCount             ,'RA_SIMS' as [DWDataBase]       ,[TableName]       ,[StartDateTime]       ,[EndDateTime]       ,convert(float,datediff(SECOND,StartDateTime,EndDateTime))/60 as durationMin
/BI - Data Analytics/EP Day 1|EP Day 1|Day1|Text|NULL
/BI - EchoPark/Replenishment|Replenishment|ReplenishmentList|Text|SELECT        Replace_Now, New_StockNo, New_VIN, New_Year, New_Make, New_Model, New_Miles, New_Price, New_Class, Move_To_Location, Move_From_Location,                           Sold_VIN, Sold_StockNo, Sold_Year, Sold_Make, Sold_Model, Sold_Miles, Sold_Pric
/BI - Financial Reporting/VehGT100K|VehGT100K|DataSet1|Text|SELECT     stocktype, AccountingName, Region, control, currentmonth, companyid, accountnumberright, accountnumber, Prefix, Balance, StockDate, DaysInStock, Year, Make,                        Model, dasha, vehBal, Status, vehPrice1, mileage, trimlevel, colo
/BI - Financial Reporting/VehGT100K_old|VehGT100K_old|DataSet1|Text|USE WebV SELECT     distinct locations.location_name, veh_inventory.vin2, veh_inventory.stock_dt, veh_inventory.stk_nbr, veh_inventory.mod_yr2, veh_inventory.make_desc2, veh_inventory.mod_desc2,                        veh_inventory.acctg_cost_amt,
/BI - FORCE/EP_ReconCost|EP_ReconCost|ReconCost2|Text|SELECT        x.cora_acct_id, e.entdealerlvl1 AS EntityName, row_number() OVER (partition BY x.cora_acct_id ORDER BY e.entActive, x.CompanyID DESC) AS PrefSeq INTO              #EntityName FROM            [cor-sql-02].dms.dbo.dm_cora_account da INNER JOIN
/BI - FORCE/TIRE Report|TIRE Report|DataSet1|Text|--from Adam Vogel --DECLARE @DaysOfHistory INT; --DECLARE @StartDate DATE; --DECLARE @EndDate DATE;  ------------------------------------------------------------------------------------ -- Set the value to determine how far back you want to pull data. ----
/BI - FORCE/UpLoadOpCodes|UpLoadOpCodes|TBD_Opcodes|Text|SELECT        o.EntBrand, o.EntDealerLvl1, o.cora_acct_id_service, o.OpcOpCode, o.OpcOpCodeDescription, o.OpcOpCodeCategory, o.OpcMenu, o.OpcOther, o.OpcWeight FROM            (SELECT        EntBrand, EntDealerLvl1, OpcCoraAcctID AS cora_acct_id_service, O
/BI - FPnA/Copy of Retail Sales Report_CleanGross_Hal|Copy of Retail Sales Report_CleanGross_Hal|DealTypes|Text|select 'F' as DealType union  select 'B'
/BI - FPnA/Copy of Retail Sales Report_CleanGross_Hal|Copy of Retail Sales Report_CleanGross_Hal|Retail_Sales_MTD_lastyear|Text|/*------------------------------------------------------------------------------------------------------------------ view to pull vehicle information  --GOOD --------------------------------------------------------------------------------------------------
/BI - FPnA/Copy of Retail Sales Report_CleanGross_Hal_B1|Copy of Retail Sales Report_CleanGross_Hal_B1|DealTypes|Text|select 'F' as DealType union  select 'B'
/BI - FPnA/Copy of Retail Sales Report_CleanGross_Hal_B1|Copy of Retail Sales Report_CleanGross_Hal_B1|Retail_Sales_MTD_lastyear|Text|WITH VSC AS (SELECT DISTINCT                                                           c.related_acctg_cora_acct_id AS acctg_cora, v.stockno, v.dealno, v.vin AS VIN, v.year AS ModelYear, v.makename AS Make, v.modelname AS Model,
/BI - FPnA/Retail Sales MTD vs Last Year|Retail Sales MTD vs Last Year|Retail_Sales_MTD_lastyear|Text|WITH VSC AS (SELECT DISTINCT c.related_acctg_cora_acct_id, v.stockno, v.dealno, v.vin AS VIN, v.year AS ModelYear, v.makename AS Make, v.modelname AS Model                                FROM            [COR-SQL-02].DMS.dbo.vehiclesalescurrent AS v INNER J
/BI - FPnA/Retail Sales Report|Retail Sales Report|DealTypes|Text|select 'F' as DealType union  select 'B'
/BI - FPnA/Retail Sales Report|Retail Sales Report|Retail_Sales_MTD_lastyear|Text|-------------------------------------------------------------------------------------------------------------------- --view to pull vehicle information  --GOOD ------------------------------------------------------------------------------------------------
/BI - FPnA/Retail Sales Report_CleanGross|Retail Sales Report_CleanGross|DealTypes|Text|select 'F' as DealType union  select 'B'
/BI - FPnA/Retail Sales Report_CleanGross|Retail Sales Report_CleanGross|Retail_Sales_MTD_lastyear|Text|-------------------------------------------------------------------------------------------------------------------- --view to pull vehicle information  --GOOD ------------------------------------------------------------------------------------------------
/BI - FPnA/Retail Sales Report_CleanGross_Hal|Retail Sales Report_CleanGross_Hal|DealTypes|Text|select 'F' as DealType union  select 'B'
/BI - FPnA/Retail Sales Report_CleanGross_Hal|Retail Sales Report_CleanGross_Hal|Retail_Sales_MTD_lastyear|Text|WITH VSC AS (SELECT DISTINCT                                                           c.related_acctg_cora_acct_id AS acctg_cora, v.stockno, v.dealno, v.vin AS VIN, v.year AS ModelYear, v.makename AS Make, v.modelname AS Model,
/BI - FPnA/Retail Sales Report_CleanGross_Hal_B1|Retail Sales Report_CleanGross_Hal_B1|DealTypes|Text|select 'F' as DealType union  select 'B'
/BI - FPnA/Retail Sales Report_CleanGross_Hal_B1|Retail Sales Report_CleanGross_Hal_B1|Retail_Sales_MTD_lastyear|Text|WITH VSC AS (SELECT DISTINCT                                                           c.related_acctg_cora_acct_id AS acctg_cora, v.stockno, v.dealno, v.vin AS VIN, v.year AS ModelYear, v.makename AS Make, v.modelname AS Model,
/BI - FPnA/Retail Sales Report_CleanGross_Hal_B1_Copy|Retail Sales Report_CleanGross_Hal_B1_Copy|DealTypes|Text|select 'F' as DealType union  select 'B'
/BI - FPnA/Retail Sales Report_CleanGross_Hal_B1_Copy|Retail Sales Report_CleanGross_Hal_B1_Copy|Retail_Sales_MTD_lastyear|Text|WITH VSC AS (SELECT DISTINCT                                                           c.related_acctg_cora_acct_id AS acctg_cora, v.stockno, v.dealno, v.vin AS VIN, v.year AS ModelYear, v.makename AS Make, v.modelname AS Model,
/BI - FPnA/Retail Sales Report_CleanGross_Hal_B1_OpenRange|Retail Sales Report_CleanGross_Hal_B1_OpenRange|DealTypes|Text|select 'F' as DealType union  select 'B'
/BI - FPnA/Retail Sales Report_CleanGross_Hal_B1_OpenRange|Retail Sales Report_CleanGross_Hal_B1_OpenRange|Retail_Sales_MTD_lastyear|Text|WITH VSC AS (SELECT DISTINCT                                                           c.related_acctg_cora_acct_id AS acctg_cora, v.stockno, v.dealno, v.vin AS VIN, v.year AS ModelYear, v.makename AS Make, v.modelname AS Model,
/BI - FPnA/Retail Sales Report_CleanGross_Hal_B1YDay|Retail Sales Report_CleanGross_Hal_B1YDay|DealTypes|Text|select 'F' as DealType union  select 'B'
/BI - FPnA/Retail Sales Report_CleanGross_Hal_B1YDay|Retail Sales Report_CleanGross_Hal_B1YDay|Retail_Sales_MTD_lastyear|Text|WITH VSC AS (SELECT DISTINCT                                                           c.related_acctg_cora_acct_id AS acctg_cora, v.stockno, v.dealno, v.vin AS VIN, v.year AS ModelYear, v.makename AS Make, v.modelname AS Model,
/BI - FPnA/Retail Sales Report_CleanGross_Hal_RP|Retail Sales Report_CleanGross_Hal_RP|DealTypes|Text|select 'F' as DealType union  select 'B'
/BI - FPnA/Retail Sales Report_CleanGross_Hal_RP|Retail Sales Report_CleanGross_Hal_RP|Retail_Sales_MTD_lastyear|Text|WITH VSC AS (SELECT DISTINCT                                                           c.related_acctg_cora_acct_id AS acctg_cora, v.stockno, v.dealno, v.vin AS VIN, v.year AS ModelYear, v.makename AS Make, v.modelname AS Model,
/BI - New Vehicles/Archive/New Inventory - Playbook - All|New Inventory - Playbook - All|DistList|Text|SELECT     r.EMailAddress, r.Role, r.RVPEmailAddress,                        r.RCtrlEmailAddress, nid.WebVID, nid.Region,                        nid.Store, nid.ADPID, 'New Inventory - ' + ' ' + nid.store as Subject FROM         tblRecipients r INNER JOIN [
/BI - New Vehicles/Archive/New Inventory - Playbook - All|New Inventory - Playbook - All|NewInventory|Text|with EntryDate as (select companyid, control,min(dateofoldestscheditem) DOOSI from dms.dbo.glschedule where currentmonth > DATEADD(dd,-75,getdate()) and right(accountnumber,4) in ('2320','2300','2340','2341','2342') group by companyid, control )  , company
/BI - New Vehicles/Archive/New Inventory - Playbook - All|New Inventory - Playbook - All|Regions|Text|SELECT DISTINCT Region FROM         vw_ADP_CoID_WebV_Link
/BI - New Vehicles/Archive/New Inventory - Playbook - All|New Inventory - Playbook - All|StoresAvailable|Text|SELECT DISTINCT   [AccountingName]        ,[WebV_ID]  FROM         vw_ADP_CoID_WebV_Link where region in (@Regions)
/BI - New Vehicles/Archive/New Inventory - Playbook - All_exp (1)|New Inventory - Playbook - All_exp (1)|DistList|Text|SELECT     r.EMailAddress, r.Role, r.RVPEmailAddress,                        r.RCtrlEmailAddress, nid.WebVID, nid.Region,                        nid.Store, nid.ADPID, 'New Inventory - ' + ' ' + nid.store as Subject FROM         tblRecipients r INNER JOIN v
/BI - New Vehicles/Archive/New Inventory - Playbook - All_exp (1)|New Inventory - Playbook - All_exp (1)|NewInventory|Text|with EntryDate as (select companyid,control,min(dateofoldestscheditem) DOOSI from dms.dbo.glschedule where currentmonth > DATEADD(dd,-550,getdate()) and right(accountnumber,4) in ('2320','2300','2340','2341','2342') group by companyid,control )  , companyi
/BI - New Vehicles/Archive/New Inventory - Playbook - All_exp (1)|New Inventory - Playbook - All_exp (1)|Regions|Text|SELECT DISTINCT Region FROM         vw_ADP_CoID_WebV_Link
/BI - New Vehicles/Archive/New Inventory - Playbook - All_exp (1)|New Inventory - Playbook - All_exp (1)|StoresAvailable|Text|SELECT DISTINCT AccountingName, WebV_ID FROM            vw_ADP_CoID_WebV_Link_wv WHERE        (Region IN (@Regions)) ORDER BY AccountingName
/BI - New Vehicles/Archive/New Inventory - Playbook - All_exp_Playbook|New Inventory - Playbook - All_exp_Playbook|DistList|Text|SELECT     r.EMailAddress, r.Role, r.RVPEmailAddress,                        r.RCtrlEmailAddress, nid.WebVID, nid.Region,                        nid.Store, nid.ADPID, 'New Inventory - ' + ' ' + nid.store as Subject FROM         tblRecipients r INNER JOIN v
/BI - New Vehicles/Archive/New Inventory - Playbook - All_exp_Playbook|New Inventory - Playbook - All_exp_Playbook|NewInventory|Text|with EntryDate as (select companyid,control,min(dateofoldestscheditem) DOOSI from dms.dbo.glschedule where currentmonth > DATEADD(dd,-75,getdate()) and right(accountnumber,4) in ('2320','2300','2340','2341','2342') group by companyid,control )  , companyid
/BI - New Vehicles/Archive/New Inventory - Playbook - All_exp_Playbook|New Inventory - Playbook - All_exp_Playbook|Regions|Text|SELECT DISTINCT Region FROM         vw_ADP_CoID_WebV_Link
/BI - New Vehicles/Archive/New Inventory - Playbook - All_exp_Playbook|New Inventory - Playbook - All_exp_Playbook|StoresAvailable|Text|SELECT DISTINCT AccountingName, WebV_ID FROM            vw_ADP_CoID_WebV_Link_wv WHERE        (Region IN (@Regions)) ORDER BY AccountingName
/BI - New Vehicles/Archive/New Inventory - Playbook - All_exp_Playbook_strpd|New Inventory - Playbook - All_exp_Playbook_strpd|DistList|Text|SELECT     r.EMailAddress, r.Role, r.RVPEmailAddress,                        r.RCtrlEmailAddress, nid.WebVID, nid.Region,                        nid.Store, nid.ADPID, 'New Inventory - ' + ' ' + nid.store as Subject FROM         tblRecipients r INNER JOIN v
/BI - New Vehicles/Archive/New Inventory - Playbook - All_exp_Playbook_strpd|New Inventory - Playbook - All_exp_Playbook_strpd|NewInventory|Text|with EntryDate as (select companyid,control,min(dateofoldestscheditem) DOOSI from dms.dbo.glschedule where currentmonth > DATEADD(dd,-75,getdate()) and right(accountnumber,4) in ('2320','2300','2340','2341','2342') group by companyid,control )  , companyid
/BI - New Vehicles/Archive/New Inventory - Playbook - All_exp_Playbook_strpd|New Inventory - Playbook - All_exp_Playbook_strpd|Regions|Text|SELECT DISTINCT Region FROM         vw_ADP_CoID_WebV_Link
/BI - New Vehicles/Archive/New Inventory - Playbook - All_exp_Playbook_strpd|New Inventory - Playbook - All_exp_Playbook_strpd|StoresAvailable|Text|SELECT DISTINCT AccountingName, WebV_ID FROM            vw_ADP_CoID_WebV_Link_wv WHERE        (Region IN (@Regions)) ORDER BY AccountingName
/BI - New Vehicles/Archive/New Inventory - Pricing - All_exp|New Inventory - Pricing - All_exp|DistList|Text|SELECT     r.EMailAddress, r.Role, r.RVPEmailAddress,                        r.RCtrlEmailAddress, nid.WebVID, nid.Region,                        nid.Store, nid.ADPID, 'New Inventory - ' + ' ' + nid.store as Subject FROM         tblRecipients r INNER JOIN [
/BI - New Vehicles/Archive/New Inventory - Pricing - All_exp|New Inventory - Pricing - All_exp|NewInventory|Text|with EntryDate as (select companyid,control,min(dateofoldestscheditem) DOOSI from dms.dbo.glschedule where currentmonth > DATEADD(dd,-75,getdate()) and right(accountnumber,4) in ('2320','2300','2340','2341','2342') group by companyid,control )  , companyid
/BI - New Vehicles/Archive/New Inventory - Pricing - All_exp|New Inventory - Pricing - All_exp|Regions|Text|SELECT DISTINCT Region FROM         vw_ADP_CoID_WebV_Link
/BI - New Vehicles/Archive/New Inventory - Pricing - All_exp|New Inventory - Pricing - All_exp|StoresAvailable|Text|SELECT DISTINCT AccountingName, WebV_ID FROM            vw_ADP_CoID_WebV_Link_wv WHERE        (Region IN (@Regions)) ORDER BY AccountingName
/BI - New Vehicles/Archive/New Playbook - Pre Visit|New Playbook - Pre Visit|Dealerships|Text|select * from vw_ADP_CoID_WebV_Link_wv order by accountingname
/BI - New Vehicles/Archive/New Playbook - Pre Visit|New Playbook - Pre Visit|New_Inventory|Text|with EntryDate as (select companyid,control,min(dateofoldestscheditem) DOOSI from dms.dbo.glschedule where currentmonth > DATEADD(dd,-75,getdate()) and right(accountnumber,4) in ('2320','2300','2340','2341','2342') group by companyid,control )  , companyid
/BI - New Vehicles/New Inventory - Count By Make|New Inventory - Count By Make|DistList|Text|SELECT     r.EMailAddress, r.Role, r.RVPEmailAddress,                        r.RCtrlEmailAddress, nid.WebVID, nid.Region,                        nid.Store, nid.ADPID, 'New Inventory - ' + ' ' + nid.store as Subject FROM         tblRecipients r INNER JOIN v
/BI - New Vehicles/New Inventory - Count By Make|New Inventory - Count By Make|NewInventory|Text|with EntryDate as (select companyid,control,min(dateofoldestscheditem) DOOSI from dms.dbo.glschedule where currentmonth > DATEADD(dd,-75,getdate()) and right(accountnumber,4) in ('2320','2300','2340','2341','2342') group by companyid,control )  , companyid
/BI - New Vehicles/New Inventory - Count By Make|New Inventory - Count By Make|Regions|Text|SELECT DISTINCT Region FROM         vw_ADP_CoID_WebV_Link
/BI - New Vehicles/New Inventory - Count By Make|New Inventory - Count By Make|StoresAvailable|Text|SELECT DISTINCT AccountingName, WebV_ID FROM            vw_ADP_CoID_WebV_Link_wv WHERE        (Region IN (@Regions)) ORDER BY AccountingName
/BI - New Vehicles/New Inventory - Playbook - All_exp|New Inventory - Playbook - All_exp|DistList|Text|SELECT     r.EMailAddress, r.Role, r.RVPEmailAddress,                        r.RCtrlEmailAddress, nid.WebVID, nid.Region,                        nid.Store, nid.ADPID, 'New Inventory - ' + ' ' + nid.store as Subject FROM         tblRecipients r INNER JOIN v
/BI - New Vehicles/New Inventory - Playbook - All_exp|New Inventory - Playbook - All_exp|NewInventory|Text|with EntryDate as (select companyid,control,min(dateofoldestscheditem) DOOSI from dms.dbo.glschedule where currentmonth > DATEADD(dd,-550,getdate()) and right(accountnumber,4) in ('2320','2300','2340','2341','2342') group by companyid,control )  , companyi
/BI - New Vehicles/New Inventory - Playbook - All_exp|New Inventory - Playbook - All_exp|Regions|Text|SELECT DISTINCT Region FROM         vw_ADP_CoID_WebV_Link
/BI - New Vehicles/New Inventory - Playbook - All_exp|New Inventory - Playbook - All_exp|StoresAvailable|Text|SELECT DISTINCT AccountingName, WebV_ID FROM            vw_ADP_CoID_WebV_Link_wv WHERE        (Region IN (@Regions)) ORDER BY AccountingName
/BI - New Vehicles/New Inventory - Playbook - SingleStore|New Inventory - Playbook - SingleStore|DistList|Text|SELECT     r.EMailAddress, r.Role, r.RVPEmailAddress,                        r.RCtrlEmailAddress, nid.WebVID, nid.Region,                        nid.Store, nid.ADPID, 'New Inventory - ' + ' ' + nid.store as Subject FROM         tblRecipients r INNER JOIN v
/BI - New Vehicles/New Inventory - Playbook - SingleStore|New Inventory - Playbook - SingleStore|NewInventory|Text|with EntryDate as (select companyid,control,min(dateofoldestscheditem) DOOSI from dms.dbo.glschedule where currentmonth > DATEADD(dd,-75,getdate()) and right(accountnumber,4) in ('2320','2300','2340','2341','2342') group by companyid,control )  , companyid
/BI - New Vehicles/New Inventory - Playbook - SingleStore|New Inventory - Playbook - SingleStore|Regions|Text|SELECT DISTINCT Region FROM         vw_ADP_CoID_WebV_Link
/BI - New Vehicles/New Inventory - Playbook - SingleStore|New Inventory - Playbook - SingleStore|StoresAvailable|Text|SELECT DISTINCT AccountingName, WebV_ID FROM            vw_ADP_CoID_WebV_Link_wv WHERE        (Region IN (@Regions)) ORDER BY AccountingName
/BI - Payroll/PayrollEntry_CoID_UserID|PayrollEntry_CoID_UserID|PayrollLevelTop|Text|select d.refer as JE_Reference ,da.AccCoaType ,da.AccAccount as Base_Account ,SUM(d.postingamount) as PostingAmount ,d.companyid ,glh.userid from dms.dbo.gljedetail_cur d left join [COR-BISQL-02\bisql02].Sonic_Dw.dbo.dim_account da on d.cora_acct_id = da.A
/BI - Payroll/PayrollEntry_CoID_UserID|PayrollEntry_CoID_UserID|TodayDataSet|Text|SELECT        CAST(GETDATE() AS date) AS Today
/BI - Payroll/PayrollEntrySummary|PayrollEntrySummary|PayrollLevelTop|Text|select d.refer as JE_Reference ,da.AccCoaType ,da.AccAccount as Base_Account ,SUM(d.postingamount) as PostingAmount from dms.dbo.gljedetail_cur d left join [COR-BISQL-02\bisql02].Sonic_Dw.dbo.dim_account da on d.cora_acct_id = da.AccCoraAcctId and d.compan
/BI - Payroll/PayrollEntrySummary|PayrollEntrySummary|TodayDataSet|Text|SELECT        CAST(GETDATE() AS date) AS Today
/BI - Retail Strategy/Copy of WeekendAppts|Copy of WeekendAppts|Regions|Text|select distinct e.entregion region from  [cho-lab-01a\choa2008r2].sonic_dw.dbo.dim_entity e where e.entregion not in ('NotSonicRegion','SouthernCALMidwest','UKN')
/BI - Retail Strategy/Copy of WeekendAppts|Copy of WeekendAppts|WeekendAppts|Text|select entregion,subregion entsubregion,entdealerlvl1, lCompanyID,Friday ,Saturday, Sunday,Friday +Saturday+ Sunday as Total from vw_WeeklyAppointments_de a where entregion not in ('SouthernCALMidwest','NotSonicRegion') and entregion in (@Region)
/BI - Retail Strategy/EP Customers|EP Customers|EPCustomers|Text|SELECT     c.custorcompanycode,c.firstname,  case  when c.lastname is null then c.name1 else c.lastname end as lastname ,  c.address, c.city, c.state, c.ziporpostalcode, c.homephone,                        c.email        ,isdeleted FROM         vw_Customer
/BI - Retail Strategy/EP Leads|EP Leads|DataSet1|Text|WITH EleadToCarsCom AS (SELECT DISTINCT EntName, EntCora_Account_ID, EntADPCompanyID, EntAccountingPrefix, EntEleadID, EntEleadDefault, EntCarsID, EntDealerLvl1, EntAddressZipCode                                                             FROM
/BI - Retail Strategy/LeadsBySource|LeadsBySource|DataSet1|Text|select * from tblCompanyOrg (nolock) order by dealership
/BI - Retail Strategy/LeadsBySource|LeadsBySource|DataSet2|Text|Select distinct szUpSource from OppTypeAndSource (nolock) order by szUpSource
/BI - Retail Strategy/LeadsBySource|LeadsBySource|DataSet3|Text|SELECT distinct[szUpType]   FROM [eLeadDW].[dbo].dwFullOpportunity (nolock)   where dtProspectin between @StartDate and @EndDate  order by szUpType
/BI - Retail Strategy/LeadsBySource|LeadsBySource|DataSet4|Text|select distinct preffranchise from BI_WorkDB.dbo.tblDealershipEntities  (nolock)
/BI - Retail Strategy/LeadsBySource|LeadsBySource|LeadsBySource|Text|select  Region, Dealership, PrefFranchise, szUpSource, szUpType, Sum(LeadCount) as LeadCount, SUM(SoldCount) as SoldCount, SUM(TotalAppointments) as TotalAppts, Sum(CompletedAppts) as CompletedAppts, SUM(MissedAppts) as MissedAppts  from vw_leadanalysis (n
/BI - Retail Strategy/Logged Vs OverDue|Logged Vs OverDue|DataSet1|StoredProcedure|pSonicLoggedvsOverDue_v3
/BI - Retail Strategy/SCORES/CustomerByName|CustomerByName|DataSet1|Text|SELECT       * FROM            ScoresMigration.dbo.MDMCustDetail WHERE        (FirstName LIKE '%' + @firstname + '%') AND (LastName LIKE '%' + @lastname + '%') and dm_code not like '' and dm_code is not null order by GlobalMaster_Code,DM_Code,SortOrder
/BI - Retail Strategy/SCORES/OpportunityPkgs|OpportunityPkgs|DealData|Text|select dd.*,  CASE WHEN dd.IsComplete = 1 AND dd.IsError = 0 THEN 'Completed'   WHEN dd.IsError = 1 THEN 'Errors'   WHEN dd.IsComplete IS NULL THEN 'GoLive'  WHEN dd.IsComplete =2 THEN 'History'  when dd.IsComplete = 9 then 'Orphans' else 'Unknown' End as
/BI - Retail Strategy/SCORES/OpportunityPkgs|OpportunityPkgs|Delivery|Text|select DA.*,o.szfirstname +' '+o.szlastname As Owner, CASE WHEN da.IsComplete = 1 AND DA.IsError = 0 THEN 'Completed'   WHEN DA.IsError = 1 THEN 'Errors'   WHEN DA.IsComplete IS NULL THEN 'GoLive'  WHEN DA.IsComplete =2 THEN 'History'  when DA.IsComplete =
/BI - Retail Strategy/SCORES/OpportunityPkgs|OpportunityPkgs|EasyCare|Text|select *,  CASE WHEN IsComplete = 1 AND IsError = 0 THEN 'Completed'   WHEN IsError = 1 THEN 'Errors'   WHEN IsComplete IS NULL THEN 'GoLive'  WHEN IsComplete =2 THEN 'History'  when IsComplete = 9 then 'Orphans' else 'Unknown' End as Status  from ScoresMi
/BI - Retail Strategy/SCORES/OpportunityPkgs|OpportunityPkgs|EmailActivities|Text|select ea.*,   CASE WHEN ea.IsComplete = 1 AND ea.IsError = 0 THEN 'Completed'   WHEN ea.IsError = 1 THEN 'Errors'   WHEN ea.IsComplete IS NULL THEN 'GoLive'  WHEN ea.IsComplete =2 THEN 'History'  when ea.IsComplete = 9 then 'Orphans' else 'Unknown' End as
/BI - Retail Strategy/SCORES/OpportunityPkgs|OpportunityPkgs|InterestedInVeh|Text|select IIV.*,  CASE WHEN iiv.IsComplete = 1 AND iiv.IsError = 0 THEN 'Completed'   WHEN iiv.IsError = 1 THEN 'Errors'   WHEN iiv.IsComplete IS NULL THEN 'GoLive'  WHEN iiv.IsComplete =2 THEN 'History'  when iiv.iscomplete = 9 then 'Orphans' else 'Unknown'
/BI - Retail Strategy/SCORES/OpportunityPkgs|OpportunityPkgs|MDMCustDetail|Text|select * from ScoresMigration.dbo.MDMCustDetail  where GlobalMaster_code=@gm_code
/BI - Retail Strategy/SCORES/OpportunityPkgs|OpportunityPkgs|Notes|Text|select notes.*,  CASE WHEN notes.IsComplete = 1 AND notes.IsError = 0 THEN 'Completed'   WHEN notes.IsError = 1 THEN 'Errors'   WHEN notes.IsComplete IS NULL THEN 'GoLive'  WHEN notes.IsComplete =2 THEN 'History'  when notes.IsComplete = 9 then 'Orphans' e
/BI - Retail Strategy/SCORES/OpportunityPkgs|OpportunityPkgs|Opportunities|Text|select  op.*,  CASE WHEN op.IsComplete = 1 AND op.IsError = 0 THEN 'Completed'   WHEN op.IsError = 1 THEN 'Errors'   WHEN op.IsComplete IS NULL THEN 'GoLive'  WHEN op.IsComplete =2 THEN 'History'  when op.IsComplete = 9 then 'Orphans' else 'Unknown' End as
/BI - Retail Strategy/SCORES/OpportunityPkgs|OpportunityPkgs|Owned|Text|select ov.*,  CASE WHEN ov.IsComplete = 1 AND ov.IsError = 0 THEN 'Completed'   WHEN ov.IsError = 1 THEN 'Errors'   WHEN ov.IsComplete IS NULL THEN 'GoLive'  WHEN ov.IsComplete =2 THEN 'History'  when ov.IsComplete = 9 then 'Orphans' else 'Unknown' End as
/BI - Retail Strategy/SCORES/OpportunityPkgs|OpportunityPkgs|PhoneActivities|Text|select ph.*, CASE WHEN ph.IsComplete = 1 AND ph.IsError = 0 THEN 'Completed'   WHEN ph.IsError = 1 THEN 'Errors'   WHEN ph.IsComplete IS NULL THEN 'GoLive'  WHEN ph.IsComplete =2 THEN 'History'  when ph.IsComplete = 9 then 'Orphans' else 'Unknown' End as S
/BI - Retail Strategy/SCORES/OpportunityPkgs|OpportunityPkgs|ServiceVisits|Text|select sv.*,  CASE WHEN Iscomplete = 1 AND IsError = 0 THEN 'Completed'   WHEN IsError = 1 THEN 'Errors'   WHEN IsComplete IS NULL THEN 'GoLive'  WHEN IsComplete =2 THEN 'History'  when iscomplete = 9 then 'Orphans' else 'Unknown' End as Status from Scores
/BI - Retail Strategy/SCORES/OpportunityPkgs|OpportunityPkgs|ShowRoomAppointments|Text|select sa.*,  CASE WHEN sa.IsComplete = 1 AND sa.IsError = 0 THEN 'Completed'   WHEN sa.IsError = 1 THEN 'Errors'   WHEN sa.IsComplete IS NULL THEN 'GoLive'  WHEN sa.IsComplete =2 THEN 'History'  when sa.IsComplete = 9 then 'Orphans' else 'Unknown' End as
/BI - Retail Strategy/SCORES/OpportunityPkgs|OpportunityPkgs|ShowRoomVisits|Text|select sv.*,  CASE WHEN Iscomplete = 1 AND IsError = 0 THEN 'Completed'   WHEN IsError = 1 THEN 'Errors'   WHEN IsComplete IS NULL THEN 'GoLive'  WHEN IsComplete =2 THEN 'History'  when iscomplete = 9 then 'Orphans' else 'Unknown' End as Status from Scores
/BI - Retail Strategy/SCORES/OpportunityPkgs|OpportunityPkgs|Survey|Text|select s.*,  CASE WHEN s.IsComplete = 1 AND s.IsError = 0 THEN 'Completed'   WHEN s.IsError = 1 THEN 'Errors'   WHEN s.IsComplete IS NULL THEN 'GoLive'  WHEN s.IsComplete =2 THEN 'History'  when s.IsComplete = 9 then 'Orphans' else 'Unknown' End as Status,
/BI - Retail Strategy/SCORES/OpportunityPkgs|OpportunityPkgs|TradedIn|Text|select TI.*,  CASE WHEN ti.IsComplete = 1 AND ti.IsError = 0 THEN 'Completed'   WHEN ti.IsError = 1 THEN 'Errors'   WHEN ti.IsComplete IS NULL THEN 'GoLive'  WHEN ti.IsComplete =2 THEN 'History'  when ti.IsComplete = 9 then 'Orphans' else 'Unknown' End as
/BI - Retail Strategy/Sonic Quartile Report|Sonic Quartile Report|DataSet1|Text|exec pSonicQuartileReport @start,@end
/BI - Retail Strategy/WeekendAppts|WeekendAppts|Regions|Text|select distinct e.entregion region from  [cho-lab-01a\choa2008r2].sonic_dw.dbo.dim_entity e where e.entregion not in ('NotSonicRegion','SouthernCALMidwest','UKN')
/BI - Retail Strategy/WeekendAppts|WeekendAppts|WeekendAppts|Text|select entregion,subregion entsubregion,entdealerlvl1, lCompanyID,Friday ,Saturday, Sunday,Friday +Saturday+ Sunday as Total from vw_WeeklyAppointments_de a where entregion not in ('SouthernCALMidwest','NotSonicRegion') and entregion in (@Region)
/BI - Retail Strategy/WeekendApptsOld|WeekendApptsOld|Regions|Text|select distinct e.entregion region from  [cho-lab-01a\choa2008r2].sonic_dw.dbo.dim_entity e where e.entregion not in ('NotSonicRegion','SouthernCALMidwest','UKN')
/BI - Retail Strategy/WeekendApptsOld|WeekendApptsOld|WeekendAppts|Text|select entregion,entdealerlvl1, lCompanyID,Friday ,Saturday, Sunday,Friday +Saturday+ Sunday as Total from vw_WeeklyAppointments_de a where entregion not in ('SouthernCALMidwest','NotSonicRegion') and entregion in (@Region)
/BI - Shared Services/FloorplanPayoff|FloorplanPayoff|FloorplanPayoff|Text|-------------------------------------------------------------------------------------------------------------------------------------------------------- -------------------------------------Shared Services Floorplan Payoff Report (based on CFPA report in C
/BI - Shared Services/FloorplanPayoff_xrefSyncIssue|FloorplanPayoff_xrefSyncIssue|FloorplanPayoff|Text|-------------------------------------------------------------------------------------------------------------------------------------------------------- -------------------------------------Shared Services Floorplan Payoff Report (based on CFPA report in C
/BI - Shared Services/Send Floorplan|Send Floorplan|RunSubscription|StoredProcedure|Exec ReportServer.dbo.AddEvent @EventType,  @EventData
/CMA/Activity Details Report|Activity Details Report|DataSet1|Text|select d.*, a.Dlr_dealership, a.VE_Desc from  cmag.tblDetails (nolock) as d  join cmag.vw_DealerAcctType (nolock) as a  on a.dlracct_acct_num = d.Det_acctnum     where   Dlr_Dealership = (@Dealership)  and D.Det_AcctNum in (@AcctNumber)  and D.Det_TxnType
/CMA/Activity Details Report|Activity Details Report|DataSet2|Text|select distinct dlr_dealership from vw_DealerAcctType   order by dlr_dealership
/CMA/Activity Details Report|Activity Details Report|DataSet3|Text|select * from vw_DealerAcctType where Dlr_dealership = @Dealership union all select NULL,'All Dealerships',NULL,NULL,'All Account Types',NULL   order by dlracct_acct_num
/CMA/Activity Details Report|Activity Details Report|DataSet4|StoredProcedure|cmag.usp_dearlerinfo
/CMA/DailyActivitySummary|DailyActivitySummary|DataSet1|StoredProcedure|cmag.usp_DailyActivity
/CMA/DailyCashSummary|DailyCashSummary|DataSet1|StoredProcedure|pDailyCashSummaryRpt
/CMA/DailyCashSummary|DailyCashSummary|DataSet2|Text|select dlr_dealership from CMS.cmag.tbldealershipinfo order by dlr_dealership
/CMA/DailyCashSummary|DailyCashSummary|DataSet3|Text|select distinct CalendarYearMonth from CMS.dbo.dimDate Where FullDate between '01/01/1990' and Getdate()  order by CalendarYearMonth Desc
/CMA/DailyCashSummary|DailyCashSummary|DataSet4|StoredProcedure|cmag.usp_dearlerinfo
/CMA/NegativeBalanceReportv3|NegativeBalanceReportv3|DataSet1|StoredProcedure|cmag.pNegativeBalanceRpt_Dev_BJ
/Controllers/GL - Open Stores|GL - Open Stores|DataSet1|Text|SELECT DISTINCT                        glcalendar.cora_acct_id, glcalendar.hostitemid, glcalendar.companyid, glcalendar.companyidright, glcalendar.glcutoffdate, glcalendar.glcutofftime,                        glcalendar.glfirstdayofmonth, glcalendar.glmont
/Controllers/GL - Open Stores|GL - Open Stores|DefaultDate|Text|SELECT cast(CONVERT(VARCHAR(25),DATEADD(dd,-(DAY(getdate())),getdate()),101) as date) as Date , 'Last Day of Previous Month'AS Date_Type
/CRM/OldQuartileOpportunityReport|OldQuartileOpportunityReport|DafaultDates_DS|Text|NULL
/CRM/OldQuartileOpportunityReport|OldQuartileOpportunityReport|Dealership_DS|Text|NULL
/CRM/OldQuartileOpportunityReport|OldQuartileOpportunityReport|Month_DS|Text|NULL
/CRM/OldQuartileOpportunityReport|OldQuartileOpportunityReport|QuartileReport_DS|Text|NULL
/CRM/OldQuartileOpportunityReport|OldQuartileOpportunityReport|Year_DS|Text|NULL
/CRM/QuartileOpportunityReport|QuartileOpportunityReport|DafaultDates_DS|Text|NULL
/CRM/QuartileOpportunityReport|QuartileOpportunityReport|Dealership_DS|Text|NULL
/CRM/QuartileOpportunityReport|QuartileOpportunityReport|Month_DS|Text|NULL
/CRM/QuartileOpportunityReport|QuartileOpportunityReport|QuartileReport_DS|Text|NULL
/CRM/QuartileOpportunityReport|QuartileOpportunityReport|Year_DS|Text|NULL
/CRM/QuartileOpportunityReport_Bkp_20201102|QuartileOpportunityReport_Bkp_20201102|DafaultDates_DS|Text|NULL
/CRM/QuartileOpportunityReport_Bkp_20201102|QuartileOpportunityReport_Bkp_20201102|Dealership_DS|Text|NULL
/CRM/QuartileOpportunityReport_Bkp_20201102|QuartileOpportunityReport_Bkp_20201102|Month_DS|Text|NULL
/CRM/QuartileOpportunityReport_Bkp_20201102|QuartileOpportunityReport_Bkp_20201102|QuartileReport_DS|Text|NULL
/CRM/QuartileOpportunityReport_Bkp_20201102|QuartileOpportunityReport_Bkp_20201102|Year_DS|Text|NULL
/CRM/TrafficManagementReport|TrafficManagementReport|Dealership_DS|Text|NULL
/CRM/TrafficManagementReport|TrafficManagementReport|DefaultDates_DS|Text|NULL
/CRM/TrafficManagementReport|TrafficManagementReport|L_Month_DS|Text|NULL
/CRM/TrafficManagementReport|TrafficManagementReport|R_Month_DS|Text|NULL
/CRM/TrafficManagementReport|TrafficManagementReport|Region_DS|Text|NULL
/CRM/TrafficManagementReport|TrafficManagementReport|TMReportDataSet|Text|NULL
/CRM/TrafficManagementReport|TrafficManagementReport|Year_DS|Text|NULL
/Echo Park/CSI/EchoParkDashboard|EchoParkDashboard|DatesDataSet|Text|NULL
/Echo Park/CSI/EchoParkDashboard|EchoParkDashboard|SalesDataSet|Text|NULL
/Echo Park/CSI/EchoParkDashboard|EchoParkDashboard|ServiceDataset|Text|NULL
/Echo Park/CSI/EchoParkExceptionRpt|EchoParkExceptionRpt|Exceptions_DataSet|Text|NULL
/Echo Park/CSI/EchoParkExceptionRpt|EchoParkExceptionRpt|IsAssociate_DataSet|Text|NULL
/Echo Park/CSI/EchoParkExceptionRpt|EchoParkExceptionRpt|MonthFilter_DataSet|Text|NULL
/Echo Park/CSI/EchoParkExceptionRpt|EchoParkExceptionRpt|Report_DataSet|Text|NULL
/Echo Park/CSI/EchoParkExceptionRpt|EchoParkExceptionRpt|ServiceAdvisorFilter_DataSet|Text|NULL
/Echo Park/CSI/EchoParkExceptionRpt|EchoParkExceptionRpt|Year_DataSet|Text|SELECT DISTINCT YEAR(closedate) CloseDateYYYY FROM EchoParkCSIService WHERE identified IN (@ReportType) ORDER BY CloseDateYYYY DESC
/Echo Park/CSI/EchoParkSalesCustomer|EchoParkSalesCustomer|MaxTranDateDataSet|Text|SELECT  CAST(CAST(YEAR(MAX(TransactionDate)) AS VARCHAR(4))+'-01-01' AS DATE) FirstDayofTranYear  ,MAX(TransactionDate) AS MaxTranDate  FROM EchoParkCSISales
/Echo Park/CSI/EchoParkSalesCustomer|EchoParkSalesCustomer|ReportDataSet|Text|NULL
/Echo Park/CSI/EchoParkSalesDetailRpt|EchoParkSalesDetailRpt|Exceptions_DataSet|Text|NULL
/Echo Park/CSI/EchoParkSalesDetailRpt|EchoParkSalesDetailRpt|IsAssociate_DataSet|Text|NULL
/Echo Park/CSI/EchoParkSalesDetailRpt|EchoParkSalesDetailRpt|MonthFilter_DataSet|Text|NULL
/Echo Park/CSI/EchoParkSalesDetailRpt|EchoParkSalesDetailRpt|Report_DataSet|Text|NULL
/Echo Park/CSI/EchoParkSalesDetailRpt|EchoParkSalesDetailRpt|SalesPerson_DataSet|Text|NULL
/Echo Park/CSI/EchoParkSalesDetailRpt|EchoParkSalesDetailRpt|Year_DataSet|Text|SELECT DISTINCT YEAR(TransactionDate) TranDateYYYY FROM EchoParkCSISales WHERE Identified IN (@ReportType) ORDER BY TranDateYYYY DESC
/Echo Park/CSI/EchoParkServiceCustomer|EchoParkServiceCustomer|MaxCloseDateDataSet|Text|SELECT  CAST(CAST(YEAR(MAX(CloseDate)) AS VARCHAR(4))+'-01-01' AS DATE) FirstDayofCloseYear  ,MAX(CloseDate) AS MaxCloseDate  FROM EchoParkCSIService
/Echo Park/CSI/EchoParkServiceCustomer|EchoParkServiceCustomer|ReportDataSet|Text|NULL
/Echo Park/Inventory/AutoMatch Day 1 Inventory|AutoMatch Day 1 Inventory|AMDay1DataSet|Text|NULL
/Echo Park/Inventory/EchoPark Day 1 Inventory|EchoPark Day 1 Inventory|DataSet1|Text|NULL
/Internal Audit/ChecksToUsers|ChecksToUsers|ChecksToUsers|Text|SELECT        Dealership, checkdate, AcctgCheckAmount, checkno, UserFirstName, UserLastName, PayeeName1, PayeeName2, check_address, check_city, check_state,                           check_zip, vendor_name1, vendor_name2, vendor_address1, vendor_city, vend
/Internal Audit/ChecksToUsers|ChecksToUsers|Dealerships|Text|SELECT DISTINCT Dealership FROM            vw_ChecksToUser WHERE        (checkdate BETWEEN @BegDate AND @EndDate)
/Internal Audit/ChecksToUsers|ChecksToUsers|UserLastName|Text|select distinct userlastname  FROM            vw_ChecksToUser where checkdate between @BegDate and @EndDate order by userlastname
/JobStatusReports/SummaryReport|SummaryReport|DS_AFScrape|StoredProcedure|AFScrape_JobStatus
/JobStatusReports/SummaryReport|SummaryReport|DS_D1SSIS02|Text|DECLARE @RUN_DATE1 int  =   convert(varchar(8),@date,112)   IF OBJECT_ID('tempdb..#temp') IS NOT NULL drop table #temp  SELECT  DISTINCT JOB.name ,CASE [dbo].fnCheckJobStatus_SSIS02( job.name  , @date) when 1 THEN 'Success'  else (  CASE  WHEN H.RUN_DATE =
/JobStatusReports/SummaryReport|SummaryReport|SSIS01ReportDataset|Text| DECLARE @RUN_DATE1 int  =   convert(varchar(8),@date,112)   IF OBJECT_ID('tempdb..#temp') IS NOT NULL drop table #temp  SELECT  DISTINCT JOB.name , CASE [dbo].fnCheckJobStatus_SSIS01( job.name  , @date) when 1 THEN 'Success'  else (  CASE  WHEN H.RUN_DATE
/Legal/TrueCar Emails|TrueCar Emails|Emails|Text|SELECT [lPersonID]       ,[lcompanyid]       ,[ADPCustNO]       ,[OpportunityID]       ,[lCurrentOwnerID]       ,[TaskID]       ,[szTo]       ,[szFrom]       ,[szSubject]       ,[DueDate]       ,[dtcompleted]       ,[dtClosed]       ,[dtLastEdit]       ,[N
/New Inventory - Count By Make Model Dealership|New Inventory - Count By Make Model Dealership|DistList|Text|SELECT     r.EMailAddress, r.Role, r.RVPEmailAddress,                        r.RCtrlEmailAddress, nid.WebVID, nid.Region,                        nid.Store, nid.ADPID, 'New Inventory - ' + ' ' + nid.store as Subject FROM         tblRecipients r INNER JOIN v
/New Inventory - Count By Make Model Dealership|New Inventory - Count By Make Model Dealership|NewInventory|Text|with EntryDate as (select companyid,control,min(dateofoldestscheditem) DOOSI from dms.dbo.glschedule where currentmonth > DATEADD(dd,-75,getdate()) and right(accountnumber,4) in ('2320','2300','2340','2341','2342') group by companyid,control )  , companyid
/New Inventory - Count By Make Model Dealership|New Inventory - Count By Make Model Dealership|Regions|Text|SELECT DISTINCT Region FROM         vw_ADP_CoID_WebV_Link
/New Inventory - Count By Make Model Dealership|New Inventory - Count By Make Model Dealership|StoresAvailable|Text|SELECT DISTINCT AccountingName, WebV_ID FROM            vw_ADP_CoID_WebV_Link_wv WHERE        (Region IN (@Regions)) ORDER BY AccountingName
/New Vehicles/New Inventory - Playbook - All_exp|New Inventory - Playbook - All_exp|DistList|Text|SELECT     r.EMailAddress, r.Role, r.RVPEmailAddress,                        r.RCtrlEmailAddress, nid.WebVID, nid.Region,                        nid.Store, nid.ADPID, 'New Inventory - ' + ' ' + nid.store as Subject FROM         tblRecipients r INNER JOIN v
/New Vehicles/New Inventory - Playbook - All_exp|New Inventory - Playbook - All_exp|NewInventory|Text|with EntryDate as (select companyid,control,min(dateofoldestscheditem) DOOSI from dms.dbo.glschedule where currentmonth > DATEADD(dd,-75,getdate()) and right(accountnumber,4) in ('2320','2300','2340','2341','2342') group by companyid,control )  , companyid
/New Vehicles/New Inventory - Playbook - All_exp|New Inventory - Playbook - All_exp|Regions|Text|SELECT DISTINCT Region FROM         vw_ADP_CoID_WebV_Link
/New Vehicles/New Inventory - Playbook - All_exp|New Inventory - Playbook - All_exp|StoresAvailable|Text|SELECT DISTINCT AccountingName, WebV_ID FROM            vw_ADP_CoID_WebV_Link_wv WHERE        (Region IN (@Regions)) ORDER BY AccountingName
/New Vehicles/New Inventory - Pricing - All_exp|New Inventory - Pricing - All_exp|DistList|Text|SELECT     r.EMailAddress, r.Role, r.RVPEmailAddress,                        r.RCtrlEmailAddress, nid.WebVID, nid.Region,                        nid.Store, nid.ADPID, 'New Inventory - ' + ' ' + nid.store as Subject FROM         tblRecipients r INNER JOIN v
/New Vehicles/New Inventory - Pricing - All_exp|New Inventory - Pricing - All_exp|NewInventory|Text|with EntryDate as (select companyid,control,min(dateofoldestscheditem) DOOSI from dms.dbo.glschedule where currentmonth > DATEADD(dd,-75,getdate()) and right(accountnumber,4) in ('2320','2300','2340','2341','2342') group by companyid,control )  , companyid
/New Vehicles/New Inventory - Pricing - All_exp|New Inventory - Pricing - All_exp|Regions|Text|SELECT DISTINCT Region FROM         vw_ADP_CoID_WebV_Link
/New Vehicles/New Inventory - Pricing - All_exp|New Inventory - Pricing - All_exp|StoresAvailable|Text|SELECT DISTINCT AccountingName, WebV_ID FROM            vw_ADP_CoID_WebV_Link_wv WHERE        (Region IN (@Regions)) ORDER BY AccountingName
/NVIM/NVPDashboard|NVPDashboard|DefaultValues_DS|Text|NULL
/NVIM/NVPDashboard|NVPDashboard|NVPOverrides_DS|Text|NULL
/NVIM/NVPDashboard|NVPDashboard|PostDate_Period_DS|Text|NULL
/NVIM/NVPDashboard|NVPDashboard|Store_DS|Text|NULL
/NVIM/NVPDashboardLandingPage|NVPDashboardLandingPage|DefaultValues_DS|Text|NULL
/NVIM/NVPDashboardLandingPage|NVPDashboardLandingPage|NVP_Override_DS|Text|NULL
/NVIM/NVPDashboardLandingPage|NVPDashboardLandingPage|Store_DS|Text|NULL
/ProfitAnalysis/ReportsLibrary/New Inventory Pricing Issues|New Inventory Pricing Issues|DataSet1|Text|SELECT DISTINCT                           veh_inventory.vin2, veh_inventory.stock_dt, veh_inventory.stk_nbr, veh_inventory.mod_yr2, veh_inventory.make_desc2, veh_inventory.mod_desc2,                           veh_inventory.acctg_cost_amt, veh_inventory.new
/RouteOne/RouteOneDetails|RouteOneDetails|RouteOneDetail_DS|Text|NULL
/RouteOne/RouteOneRedFlagDetailData|RouteOneRedFlagDetailData|RedFlagReport_DS|Text|NULL
/RouteOne/RouteOneRedFlagReport|RouteOneRedFlagReport|RedFlagReport_DS|Text|NULL
/RouteOne/RouteOneSSNVarianceRpt|RouteOneSSNVarianceRpt|SSNVarianceSummary_DS|Text|NULL
/RouteOne/RouteOneSummaryRpt|RouteOneSummaryRpt|IncomeVarianceChart_DS|Text|USE Sonic_DW  SELECT CASE    WHEN MinCoApplicantAlimonyIncome <> MaxCoApplicantAlimonyIncome    THEN 'CoApplicant Alimony Income'   WHEN MinCoApplicantOtherIncome <> MaxCoApplicantOtherIncome    THEN 'CoApplicant Other Income'   WHEN MinCoApplicantIncome <
/RouteOne/RouteOneSummaryRpt|RouteOneSummaryRpt|RouteOneSummary_DS|Text|NULL
/RptTest/CustInfo|CustInfo|DataSet1|Text|select firstname, lastname,MiddleName,stdprimaryaddressline1,stdprimaryaddressline2,stdprimarycity, stdprimarystate,stdprimaryzipcode,StdMobilePhone,StdHomePhone,StdOtherPhone,Email1,DM_CODE,GM_CODE,SourceDealership,customertype,email2,email3,companyName
/RptTest/New Inventory - Playbook - All_exp|New Inventory - Playbook - All_exp|DistList|Text|SELECT     r.EMailAddress, r.Role, r.RVPEmailAddress,                        r.RCtrlEmailAddress, nid.WebVID, nid.Region,                        nid.Store, nid.ADPID, 'New Inventory - ' + ' ' + nid.store as Subject FROM         tblRecipients r INNER JOIN [
/RptTest/New Inventory - Playbook - All_exp|New Inventory - Playbook - All_exp|NewInventory|Text|with EntryDate as (select companyid,control,min(dateofoldestscheditem) DOOSI from dms.dbo.glschedule where currentmonth > DATEADD(dd,-75,getdate()) and right(accountnumber,4) in ('2320','2300','2340','2341','2342') group by companyid,control )  , companyid
/RptTest/New Inventory - Playbook - All_exp|New Inventory - Playbook - All_exp|Regions|Text|SELECT DISTINCT Region FROM         vw_ADP_CoID_WebV_Link
/RptTest/New Inventory - Playbook - All_exp|New Inventory - Playbook - All_exp|StoresAvailable|Text|SELECT DISTINCT AccountingName, WebV_ID FROM            vw_ADP_CoID_WebV_Link_wv WHERE        (Region IN (@Regions)) ORDER BY AccountingName
/RTC/R1 - Finalized Deals|R1 - Finalized Deals|DataSet1|Text|SELECT     oo.Name    ,o.Name  'Dealership'    ,vi.Stock_No 'Stock #'    ,CASE WHEN LEFT(vi.stock_no,1) != 'S' THEN app.Appraised_By    ELSE NULL     END 'Appraiser'    ,v.Year    ,v.Make    ,v.Model    ,vi.Trim    ,vi.Age     ,CASE WHEN vi.Age < 21 THEN '
/RTC/R2 - Wholesale Details|R2 - Wholesale Details|DataSet1|Text|SELECT o.Name AS 'Dealership', vi.Stock_No, v.VIN, v.Year, v.Make, v.Model, vi.Mileage, vi.Age  FROM SIMS6200Retail.dbo.Vehicle_Inventory AS vi  --JOIN FOR VIN,YEAR,MAKE,MODEL JOIN SIMS6200Retail.dbo.VEHICLE AS v  ON v.Vehicle_ID = vi.Vehicle_ID  --JOIN FO
/RTC/R2 - Wholesale Details|R2 - Wholesale Details|DataSet2|Text|SELECT distinct o.Name AS 'Dealership'  FROM SIMS6200retail.dbo.Organization as o --UPDATED 8.12.13
/RTC/R2 - Wholesale Details_Parameters|R2 - Wholesale Details_Parameters|DataSet1|Text|SELECT o.Name AS 'Dealership', vi.Stock_No, v.VIN, v.Year, v.Make, v.Model, vi.Mileage, vi.Age  FROM SIMS6200.dbo.Vehicle_Inventory AS vi  --JOIN FOR VIN,YEAR,MAKE,MODEL JOIN SIMS6200.dbo.VEHICLE AS v  ON v.Vehicle_ID = vi.Vehicle_ID  --JOIN FOR DEALERSHIP
/RTC/R2 - Wholesale Details_Parameters|R2 - Wholesale Details_Parameters|DataSet2|Text|SELECT distinct o.Name AS 'Dealership'  FROM SIMS6200.dbo.Organization as o --UPDATED 8.12.13
/RTC/R2 - Wholesale Details_Parameters|R2 - Wholesale Details_Parameters|DataSet3|Text|       SELECT       o.Name as 'Dealership',       COUNT(CASE       WHEN vi.curr_status_id = 204       THEN vi.Curr_Status_ID END) AS 'OGT',       COUNT(CASE       WHEN vi.curr_status_id = 201       THEN vi.Curr_Status_ID END) AS 'PA',       COUNT(CASE
/RTC/R2 - Wholesale Report|R2 - Wholesale Report|DataSet1|Text|SELECT  o.Name as 'Dealership', COUNT(CASE    WHEN vi.curr_status_id = 204     THEN vi.Curr_Status_ID END) AS 'OGT',    COUNT(CASE    WHEN vi.curr_status_id = 201     THEN vi.Curr_Status_ID END) AS 'PA',    COUNT(CASE    WHEN vi.curr_status_id = 203     TH
/RTC/R3 - Corporate Sold Own Tracker|R3 - Corporate Sold Own Tracker|DataSet1|Text|SELECT     COUNT(CASE   WHEN vi.curr_status_id IN (301,302,304)     THEN vi.Curr_Status_ID END) 'Total Sold'  INTO #sold    FROM [SIMS6200].[dbo].[Vehicle_Inventory] vi  --JOIN FOR DEALERSHIPS join SIMS6200.dbo.Organization o --UPDATED 8.12.13 ON o.Org_ID
/RTC/R4 - Inventory Count|R4 - Inventory Count|DataSet1|Text|SELECT DISTINCT o.Name 'Dealership',  COUNT(CASE    WHEN vi.curr_status_id IN (201,202,203,205) --PA,IGT,IS,PW    THEN vi.Vehicle_ID END) 'Current Level'    FROM  [SIMS6200].[dbo].[Vehicle_Inventory] vi  --JOIN FOR DEALERSHIPS inner join SIMS6200.dbo.Organ
/RTC/R4 - Inventory Count By Bucket|R4 - Inventory Count By Bucket|DataSet1|Text|SELECT DISTINCT o.Name 'Dealership', COUNT(CASE    WHEN vi.Age < 21     THEN vi.Age END) 'Bucket 1',    COUNT(CASE    WHEN vi.Age between 21 and 35     THEN vi.Age END) 'Bucket 2',    COUNT(CASE    WHEN vi.Age between 36 and 45     THEN vi.Age END) 'Bucket
/RTC/R5 - Inventory Count|R5 - Inventory Count|DataSet1|Text|SELECT DISTINCT o.Name 'Dealership', COUNT(CASE    WHEN vi.Age < 21     THEN vi.Age END) 'Bucket 1',    COUNT(CASE    WHEN vi.Age between 21 and 35     THEN vi.Age END) 'Bucket 2',    COUNT(CASE    WHEN vi.Age between 36 and 45     THEN vi.Age END) 'Bucket
/RTC/R5 - UV Performance Report - Total Sonic Red|R5 - UV Performance Report - Total Sonic Red|DataSet1|Text|SELECT o.Name AS 'Dealership',  COUNT(CASE WHEN vi.Age BETWEEN 0 AND 20 THEN vi.Vehicle_ID END) AS 'B1', COUNT(CASE WHEN vi.Age BETWEEN 21 AND 35 THEN vi.Vehicle_ID END) AS 'B2', COUNT(CASE WHEN vi.Age BETWEEN 36 AND 45 THEN vi.Vehicle_ID END) AS 'B3', COU
/RTC/R6 - Inventory Level Query|R6 - Inventory Level Query|DataSet1|Text|SELECT DISTINCT o.Name 'Dealership', count(case when LEFT(vi.stock_no,1) = 'T' then vi.Vehicle_ID end) 'Trade Units' ,count(case when LEFT(vi.stock_no,1) = 'P' then vi.Vehicle_ID  end) 'Purchase Units' ,count(case when LEFT(vi.stock_no,1) = 'B' then vi.Veh
/RTC/R7 - Inventory Count Less PW|R7 - Inventory Count Less PW|DataSet1|Text|SELECT DISTINCT o.Name 'Dealership',  COUNT(CASE    WHEN vi.curr_status_id IN (201,202,203)    THEN vi.Vehicle_ID END) 'Total Inventory'    FROM  [SIMS6200].[dbo].[Vehicle_Inventory] vi  --JOIN FOR DEALERSHIPS inner join SIMS6200.dbo.Organization o --UPDAT
/RTC/R8 - Sales Bucket Count|R8 - Sales Bucket Count|DataSet1|Text|SELECT DISTINCT o.Name 'Dealership', COUNT(CASE    WHEN vi.Age < 21     THEN vi.Age END) 'Bucket 1' ,      COUNT(CASE    WHEN vi.Age between 21 and 35     THEN vi.Age END) 'Bucket 2' ,    COUNT(CASE    WHEN vi.Age between 36 and 45     THEN vi.Age END) 'Bu
/RTC/R9 - Age_Units|R9 - Age_Units|DataSet1|Text|/****** Script for Aged Inventory Mark Downs*****/  DECLARE @day VARCHAR(15) = DATENAME(dw,GETDATE())  IF @day = 'Friday'    WITH bList AS ( SELECT vi.Store_ID,     oa.Parent_Org_ID,     o.Name 'Dealership',     s.Status_Abbv 'Status',     vi.stock_no,
/RTC/R9 - Inventory_Level|R9 - Inventory_Level|DataSet1|Text|SELECT DISTINCT o.Name 'Dealership',  COUNT(CASE    WHEN vi.curr_status_id IN (201,202,203,205) --PA,IGT,IS,PW    THEN vi.Vehicle_ID END) 'Level'    FROM  [SIMS6200].[dbo].[Vehicle_Inventory] vi  --JOIN FOR DEALERSHIPS inner join SIMS6200.dbo.Organization
/RTC/ZR - Apprsls_over_10mins|ZR - Apprsls_over_10mins|DataSet1|Text|DECLARE @FromDate AS DATETIME =  NULL DECLARE @ToDate   AS DATETIME = NULL  --Run Tues-Fri IF @FromDate IS NULL SET @FromDate = (SELECT DATEADD(DAY, DATEDIFF(DAY, 0, GETDATE()-1), 0)) IF @ToDate   IS NULL SET @ToDate   = (SELECT DATEADD(DAY, DATEDIFF(DAY,
/RTC/ZR - InValue_VS_TradeValue|ZR - InValue_VS_TradeValue|DataSet1|Text|SELECT --vi.Curr_Status_ID, --vi.Vehicle_ID, o.Name AS 'Dealership', v.VIN, vi.Stock_No, vi.Acquired_Type, vi.Acquired_Date, s.Status_Abbv 'Status', vp.Acquired_Value , sac.SAC_Recom_Apprsl_Value 'RTC_Recom Apprsl_Value', 'Difference' = vp.Acquired_Value -
/RTC/ZR - Price_Overrides_Updated_KLor|ZR - Price_Overrides_Updated_KLor|DataSet1|Text|CREATE TABLE #Priceovr (Dealership varchar(50),VIN varchar(17),Stock# varchar(50),PostDate DATETIME,Status varchar(50),Age numeric(4),Year numeric(4),Make varchar(50),Model varchar(50),Trim varchar(125),Mileage numeric(6), Color varchar(50),CPO varchar(2),
/RTC/ZR - RTC_Times|ZR - RTC_Times|DataSet1|Text|DECLARE @FromDate AS DATETIME =  NULL DECLARE @ToDate   AS DATETIME = NULL  --Run Tues-Fri IF @FromDate IS NULL SET @FromDate = (SELECT DATEADD(DAY, DATEDIFF(DAY, 0, GETDATE()-1), 0)) IF @ToDate   IS NULL SET @ToDate   = (SELECT DATEADD(DAY, DATEDIFF(DAY,
/Test/DailyCashSummary_TEST|DailyCashSummary_TEST|DataSet1|StoredProcedure|pDailyCashSummaryRpt
/Test/DailyCashSummary_TEST|DailyCashSummary_TEST|DataSet2|Text|select dlr_dealership from CMS.cmag.tbldealershipinfo order by dlr_dealership
/Test/DailyCashSummary_TEST|DailyCashSummary_TEST|DataSet3|Text|select distinct CalendarYearMonth from CMS.dbo.dimDate Where FullDate between '01/01/1990' and Getdate()  order by CalendarYearMonth Desc
/Test/DailyCashSummary_TEST|DailyCashSummary_TEST|DataSet4|StoredProcedure|cmag.usp_dearlerinfo
/Test/NegativeBalanceReportv3_TEST|NegativeBalanceReportv3_TEST|DataSet1|StoredProcedure|cmag.pNegativeBalanceRpt_Dev_BJ
/Test/Test --2-New Inventory - Count By Make|Test --2-New Inventory - Count By Make|DistList|Text|SELECT     r.EMailAddress, r.Role, r.RVPEmailAddress,                        r.RCtrlEmailAddress, nid.WebVID, nid.Region,                        nid.Store, nid.ADPID, 'New Inventory - ' + ' ' + nid.store as Subject FROM         tblRecipients r INNER JOIN v
/Test/Test --2-New Inventory - Count By Make|Test --2-New Inventory - Count By Make|NewInventory|Text|with EntryDate as (select companyid,control,min(dateofoldestscheditem) DOOSI from dms.dbo.glschedule where currentmonth > DATEADD(dd,-75,getdate()) and right(accountnumber,4) in ('2320','2300','2340','2341','2342') group by companyid,control )  , companyid
/Test/Test --2-New Inventory - Count By Make|Test --2-New Inventory - Count By Make|Regions|Text|SELECT DISTINCT Region FROM         vw_ADP_CoID_WebV_Link
/Test/Test --2-New Inventory - Count By Make|Test --2-New Inventory - Count By Make|StoresAvailable|Text|SELECT DISTINCT AccountingName, WebV_ID FROM            vw_ADP_CoID_WebV_Link_wv WHERE        (Region IN (@Regions)) ORDER BY AccountingName
/Test/Test --New Inventory - Count By Make|Test --New Inventory - Count By Make|DistList|Text|SELECT     r.EMailAddress, r.Role, r.RVPEmailAddress,                        r.RCtrlEmailAddress, nid.WebVID, nid.Region,                        nid.Store, nid.ADPID, 'New Inventory - ' + ' ' + nid.store as Subject FROM         tblRecipients r INNER JOIN v
/Test/Test --New Inventory - Count By Make|Test --New Inventory - Count By Make|NewInventory|Text|with EntryDate as (select companyid,control,min(dateofoldestscheditem) DOOSI from dms.dbo.glschedule where currentmonth > DATEADD(dd,-75,getdate()) and right(accountnumber,4) in ('2320','2300','2340','2341','2342') group by companyid,control )  , companyid
/Test/Test --New Inventory - Count By Make|Test --New Inventory - Count By Make|Regions|Text|SELECT DISTINCT Region FROM         vw_ADP_CoID_WebV_Link
/Test/Test --New Inventory - Count By Make|Test --New Inventory - Count By Make|StoresAvailable|Text|SELECT DISTINCT AccountingName, WebV_ID FROM            vw_ADP_CoID_WebV_Link_wv WHERE        (Region IN (@Regions)) ORDER BY AccountingName
